

Started GET "/" for 127.0.0.1 at 2015-05-19 22:56:36 +0530

ActiveRecord::PendingMigrationError (

Migrations are pending. To resolve this issue, run:

	bin/rake db:migrate RAILS_ENV=development

):
  activerecord (4.1.6) lib/active_record/migration.rb:389:in `check_pending!'
  activerecord (4.1.6) lib/active_record/migration.rb:377:in `call'
  actionpack (4.1.6) lib/action_dispatch/middleware/callbacks.rb:29:in `block in call'
  activesupport (4.1.6) lib/active_support/callbacks.rb:82:in `run_callbacks'
  actionpack (4.1.6) lib/action_dispatch/middleware/callbacks.rb:27:in `call'
  actionpack (4.1.6) lib/action_dispatch/middleware/reloader.rb:73:in `call'
  actionpack (4.1.6) lib/action_dispatch/middleware/remote_ip.rb:76:in `call'
  actionpack (4.1.6) lib/action_dispatch/middleware/debug_exceptions.rb:17:in `call'
  actionpack (4.1.6) lib/action_dispatch/middleware/show_exceptions.rb:30:in `call'
  railties (4.1.6) lib/rails/rack/logger.rb:38:in `call_app'
  railties (4.1.6) lib/rails/rack/logger.rb:20:in `block in call'
  activesupport (4.1.6) lib/active_support/tagged_logging.rb:68:in `block in tagged'
  activesupport (4.1.6) lib/active_support/tagged_logging.rb:26:in `tagged'
  activesupport (4.1.6) lib/active_support/tagged_logging.rb:68:in `tagged'
  railties (4.1.6) lib/rails/rack/logger.rb:20:in `call'
  actionpack (4.1.6) lib/action_dispatch/middleware/request_id.rb:21:in `call'
  rack (1.5.3) lib/rack/methodoverride.rb:21:in `call'
  rack (1.5.3) lib/rack/runtime.rb:17:in `call'
  activesupport (4.1.6) lib/active_support/cache/strategy/local_cache_middleware.rb:26:in `call'
  rack (1.5.3) lib/rack/lock.rb:17:in `call'
  actionpack (4.1.6) lib/action_dispatch/middleware/static.rb:64:in `call'
  rack (1.5.3) lib/rack/sendfile.rb:112:in `call'
  railties (4.1.6) lib/rails/engine.rb:514:in `call'
  railties (4.1.6) lib/rails/application.rb:144:in `call'
  rack (1.5.3) lib/rack/lock.rb:17:in `call'
  rack (1.5.3) lib/rack/content_length.rb:14:in `call'
  rack (1.5.3) lib/rack/handler/webrick.rb:60:in `service'
  /usr/local/lib/ruby/2.1.0/webrick/httpserver.rb:138:in `service'
  /usr/local/lib/ruby/2.1.0/webrick/httpserver.rb:94:in `run'
  /usr/local/lib/ruby/2.1.0/webrick/server.rb:295:in `block in start_thread'


  Rendered /usr/local/lib/ruby/gems/2.1.0/gems/actionpack-4.1.6/lib/action_dispatch/middleware/templates/rescues/_source.erb (0.6ms)
  Rendered /usr/local/lib/ruby/gems/2.1.0/gems/actionpack-4.1.6/lib/action_dispatch/middleware/templates/rescues/_trace.html.erb (1.1ms)
  Rendered /usr/local/lib/ruby/gems/2.1.0/gems/actionpack-4.1.6/lib/action_dispatch/middleware/templates/rescues/_request_and_response.html.erb (0.9ms)
  Rendered /usr/local/lib/ruby/gems/2.1.0/gems/actionpack-4.1.6/lib/action_dispatch/middleware/templates/rescues/diagnostics.erb within rescues/layout (14.5ms)


Started GET "/" for 127.0.0.1 at 2015-05-19 22:57:51 +0530

ActiveRecord::PendingMigrationError (

Migrations are pending. To resolve this issue, run:

	bin/rake db:migrate RAILS_ENV=development

):
  activerecord (4.1.6) lib/active_record/migration.rb:389:in `check_pending!'
  activerecord (4.1.6) lib/active_record/migration.rb:377:in `call'
  actionpack (4.1.6) lib/action_dispatch/middleware/callbacks.rb:29:in `block in call'
  activesupport (4.1.6) lib/active_support/callbacks.rb:82:in `run_callbacks'
  actionpack (4.1.6) lib/action_dispatch/middleware/callbacks.rb:27:in `call'
  actionpack (4.1.6) lib/action_dispatch/middleware/reloader.rb:73:in `call'
  actionpack (4.1.6) lib/action_dispatch/middleware/remote_ip.rb:76:in `call'
  actionpack (4.1.6) lib/action_dispatch/middleware/debug_exceptions.rb:17:in `call'
  actionpack (4.1.6) lib/action_dispatch/middleware/show_exceptions.rb:30:in `call'
  railties (4.1.6) lib/rails/rack/logger.rb:38:in `call_app'
  railties (4.1.6) lib/rails/rack/logger.rb:20:in `block in call'
  activesupport (4.1.6) lib/active_support/tagged_logging.rb:68:in `block in tagged'
  activesupport (4.1.6) lib/active_support/tagged_logging.rb:26:in `tagged'
  activesupport (4.1.6) lib/active_support/tagged_logging.rb:68:in `tagged'
  railties (4.1.6) lib/rails/rack/logger.rb:20:in `call'
  actionpack (4.1.6) lib/action_dispatch/middleware/request_id.rb:21:in `call'
  rack (1.5.3) lib/rack/methodoverride.rb:21:in `call'
  rack (1.5.3) lib/rack/runtime.rb:17:in `call'
  activesupport (4.1.6) lib/active_support/cache/strategy/local_cache_middleware.rb:26:in `call'
  rack (1.5.3) lib/rack/lock.rb:17:in `call'
  actionpack (4.1.6) lib/action_dispatch/middleware/static.rb:64:in `call'
  rack (1.5.3) lib/rack/sendfile.rb:112:in `call'
  railties (4.1.6) lib/rails/engine.rb:514:in `call'
  railties (4.1.6) lib/rails/application.rb:144:in `call'
  rack (1.5.3) lib/rack/lock.rb:17:in `call'
  rack (1.5.3) lib/rack/content_length.rb:14:in `call'
  rack (1.5.3) lib/rack/handler/webrick.rb:60:in `service'
  /usr/local/lib/ruby/2.1.0/webrick/httpserver.rb:138:in `service'
  /usr/local/lib/ruby/2.1.0/webrick/httpserver.rb:94:in `run'
  /usr/local/lib/ruby/2.1.0/webrick/server.rb:295:in `block in start_thread'


  Rendered /usr/local/lib/ruby/gems/2.1.0/gems/actionpack-4.1.6/lib/action_dispatch/middleware/templates/rescues/_source.erb (0.7ms)
  Rendered /usr/local/lib/ruby/gems/2.1.0/gems/actionpack-4.1.6/lib/action_dispatch/middleware/templates/rescues/_trace.html.erb (1.1ms)
  Rendered /usr/local/lib/ruby/gems/2.1.0/gems/actionpack-4.1.6/lib/action_dispatch/middleware/templates/rescues/_request_and_response.html.erb (0.9ms)
  Rendered /usr/local/lib/ruby/gems/2.1.0/gems/actionpack-4.1.6/lib/action_dispatch/middleware/templates/rescues/diagnostics.erb within rescues/layout (13.2ms)
  [1m[36m (119.0ms)[0m  [1mCREATE TABLE "schema_migrations" ("version" varchar(255) NOT NULL) [0m
  [1m[35m (0.2ms)[0m  select sqlite_version(*)
  [1m[36m (116.2ms)[0m  [1mCREATE UNIQUE INDEX "unique_schema_migrations" ON "schema_migrations" ("version")[0m
  [1m[35mActiveRecord::SchemaMigration Load (0.1ms)[0m  SELECT "schema_migrations".* FROM "schema_migrations"
Migrating to CreateProducts (20150519172356)
  [1m[36m (0.1ms)[0m  [1mbegin transaction[0m
  [1m[35m (0.4ms)[0m  CREATE TABLE "products" ("id" INTEGER PRIMARY KEY AUTOINCREMENT NOT NULL, "title" text, "description" text, "created_at" datetime, "updated_at" datetime) 
  [1m[36mSQL (14.9ms)[0m  [1mINSERT INTO "schema_migrations" ("version") VALUES (?)[0m  [["version", "20150519172356"]]
  [1m[35m (94.9ms)[0m  commit transaction
  [1m[36mActiveRecord::SchemaMigration Load (0.1ms)[0m  [1mSELECT "schema_migrations".* FROM "schema_migrations"[0m


Started GET "/" for 127.0.0.1 at 2015-05-19 22:58:09 +0530
  [1m[36mActiveRecord::SchemaMigration Load (0.1ms)[0m  [1mSELECT "schema_migrations".* FROM "schema_migrations"[0m
Processing by ProductsController#index as HTML
  [1m[35mProduct Load (0.2ms)[0m  SELECT "products".* FROM "products"
  Rendered products/index.html.erb within layouts/application (1.5ms)
Completed 200 OK in 1054ms (Views: 1009.2ms | ActiveRecord: 0.2ms)


Started GET "/assets/products.css?body=1" for 127.0.0.1 at 2015-05-19 22:58:10 +0530


Started GET "/assets/scaffolds.css?body=1" for 127.0.0.1 at 2015-05-19 22:58:10 +0530


Started GET "/assets/products.js?body=1" for 127.0.0.1 at 2015-05-19 22:58:10 +0530


Started GET "/assets/application.css?body=1" for 127.0.0.1 at 2015-05-19 22:58:10 +0530


Started GET "/assets/jquery.js?body=1" for 127.0.0.1 at 2015-05-19 22:58:10 +0530


Started GET "/assets/jquery_ujs.js?body=1" for 127.0.0.1 at 2015-05-19 22:58:10 +0530


Started GET "/assets/turbolinks.js?body=1" for 127.0.0.1 at 2015-05-19 22:58:10 +0530


Started GET "/assets/application.js?body=1" for 127.0.0.1 at 2015-05-19 22:58:10 +0530


Started GET "/products/new" for 127.0.0.1 at 2015-05-19 22:58:22 +0530
Processing by ProductsController#new as HTML
  Rendered products/_form.html.erb (46.6ms)
  Rendered products/new.html.erb within layouts/application (55.7ms)
Completed 200 OK in 109ms (Views: 107.8ms | ActiveRecord: 0.3ms)


Started POST "/products" for 127.0.0.1 at 2015-05-19 22:58:34 +0530
Processing by ProductsController#create as HTML
  Parameters: {"utf8"=>"✓", "authenticity_token"=>"u+0Kx3R0yBggJ1oV++X0aIE+BE+4Lf/7Xoj1aAULJxM=", "product"=>{"title"=>"hai", "description"=>"sample"}, "commit"=>"Create Product"}
  [1m[36m (0.1ms)[0m  [1mbegin transaction[0m
  [1m[35mSQL (0.4ms)[0m  INSERT INTO "products" ("created_at", "description", "title", "updated_at") VALUES (?, ?, ?, ?)  [["created_at", "2015-05-19 17:28:34.030160"], ["description", "sample"], ["title", "hai"], ["updated_at", "2015-05-19 17:28:34.030160"]]
  [1m[36m (122.7ms)[0m  [1mcommit transaction[0m
Redirected to http://localhost:3000/products/1
Completed 302 Found in 204ms (ActiveRecord: 123.2ms)


Started GET "/products/1" for 127.0.0.1 at 2015-05-19 22:58:34 +0530
Processing by ProductsController#show as HTML
  Parameters: {"id"=>"1"}
  [1m[35mProduct Load (0.3ms)[0m  SELECT  "products".* FROM "products"  WHERE "products"."id" = ? LIMIT 1  [["id", 1]]
  Rendered products/show.html.erb within layouts/application (1.2ms)
Completed 200 OK in 48ms (Views: 45.2ms | ActiveRecord: 0.3ms)


Started GET "/assets/products.css?body=1" for 127.0.0.1 at 2015-05-19 22:58:34 +0530


Started GET "/assets/scaffolds.css?body=1" for 127.0.0.1 at 2015-05-19 22:58:34 +0530


Started GET "/assets/application.css?body=1" for 127.0.0.1 at 2015-05-19 22:58:34 +0530


Started GET "/assets/jquery.js?body=1" for 127.0.0.1 at 2015-05-19 22:58:34 +0530


Started GET "/assets/jquery_ujs.js?body=1" for 127.0.0.1 at 2015-05-19 22:58:34 +0530


Started GET "/assets/application.js?body=1" for 127.0.0.1 at 2015-05-19 22:58:34 +0530


Started GET "/assets/turbolinks.js?body=1" for 127.0.0.1 at 2015-05-19 22:58:34 +0530


Started GET "/assets/products.js?body=1" for 127.0.0.1 at 2015-05-19 22:58:34 +0530


Started GET "/products" for 127.0.0.1 at 2015-05-19 22:58:40 +0530
Processing by ProductsController#index as HTML
  [1m[36mProduct Load (0.2ms)[0m  [1mSELECT "products".* FROM "products"[0m
  Rendered products/index.html.erb within layouts/application (2.1ms)
Completed 200 OK in 51ms (Views: 50.5ms | ActiveRecord: 0.2ms)


Started GET "/products/1/edit" for 127.0.0.1 at 2015-05-19 22:58:44 +0530
Processing by ProductsController#edit as HTML
  Parameters: {"id"=>"1"}
  [1m[35mProduct Load (0.1ms)[0m  SELECT  "products".* FROM "products"  WHERE "products"."id" = ? LIMIT 1  [["id", 1]]
  Rendered products/_form.html.erb (1.9ms)
  Rendered products/edit.html.erb within layouts/application (3.2ms)
Completed 200 OK in 45ms (Views: 43.7ms | ActiveRecord: 0.1ms)


Started GET "/products" for 127.0.0.1 at 2015-05-19 22:58:47 +0530
Processing by ProductsController#index as HTML
  [1m[36mProduct Load (0.2ms)[0m  [1mSELECT "products".* FROM "products"[0m
  Rendered products/index.html.erb within layouts/application (1.2ms)
Completed 200 OK in 50ms (Views: 48.8ms | ActiveRecord: 0.2ms)


Started GET "/products/new" for 127.0.0.1 at 2015-05-19 22:58:49 +0530
Processing by ProductsController#new as HTML
  Rendered products/_form.html.erb (1.6ms)
  Rendered products/new.html.erb within layouts/application (2.4ms)
Completed 200 OK in 42ms (Views: 41.0ms | ActiveRecord: 0.0ms)


Started POST "/products" for 127.0.0.1 at 2015-05-19 22:58:57 +0530
Processing by ProductsController#create as HTML
  Parameters: {"utf8"=>"✓", "authenticity_token"=>"u+0Kx3R0yBggJ1oV++X0aIE+BE+4Lf/7Xoj1aAULJxM=", "product"=>{"title"=>"sample2", "description"=>"sample"}, "commit"=>"Create Product"}
  [1m[35m (0.1ms)[0m  begin transaction
  [1m[36mSQL (0.2ms)[0m  [1mINSERT INTO "products" ("created_at", "description", "title", "updated_at") VALUES (?, ?, ?, ?)[0m  [["created_at", "2015-05-19 17:28:57.265400"], ["description", "sample"], ["title", "sample2"], ["updated_at", "2015-05-19 17:28:57.265400"]]
  [1m[35m (124.0ms)[0m  commit transaction
Redirected to http://localhost:3000/products/2
Completed 302 Found in 127ms (ActiveRecord: 124.3ms)


Started GET "/products/2" for 127.0.0.1 at 2015-05-19 22:58:57 +0530
Processing by ProductsController#show as HTML
  Parameters: {"id"=>"2"}
  [1m[36mProduct Load (0.2ms)[0m  [1mSELECT  "products".* FROM "products"  WHERE "products"."id" = ? LIMIT 1[0m  [["id", 2]]
  Rendered products/show.html.erb within layouts/application (0.4ms)
Completed 200 OK in 52ms (Views: 49.7ms | ActiveRecord: 0.2ms)


Started GET "/assets/products.css?body=1" for 127.0.0.1 at 2015-05-19 22:58:57 +0530


Started GET "/assets/jquery.js?body=1" for 127.0.0.1 at 2015-05-19 22:58:57 +0530


Started GET "/assets/scaffolds.css?body=1" for 127.0.0.1 at 2015-05-19 22:58:57 +0530


Started GET "/assets/jquery_ujs.js?body=1" for 127.0.0.1 at 2015-05-19 22:58:57 +0530


Started GET "/assets/application.css?body=1" for 127.0.0.1 at 2015-05-19 22:58:57 +0530


Started GET "/assets/products.js?body=1" for 127.0.0.1 at 2015-05-19 22:58:57 +0530


Started GET "/assets/application.js?body=1" for 127.0.0.1 at 2015-05-19 22:58:57 +0530


Started GET "/assets/turbolinks.js?body=1" for 127.0.0.1 at 2015-05-19 22:58:57 +0530


Started GET "/products" for 127.0.0.1 at 2015-05-19 22:59:02 +0530
Processing by ProductsController#index as HTML
  [1m[35mProduct Load (0.2ms)[0m  SELECT "products".* FROM "products"
  Rendered products/index.html.erb within layouts/application (1.4ms)
Completed 200 OK in 41ms (Views: 39.8ms | ActiveRecord: 0.2ms)


Started GET "/products/new" for 127.0.0.1 at 2015-05-19 22:59:48 +0530
Processing by ProductsController#new as HTML
Completed 500 Internal Server Error in 1ms

SyntaxError (/home/likewise-open/ASPIRESYS/vignesh.sundaram/Desktop/blog/app/models/product.rb:2: syntax error, unexpected ':', expecting keyword_end
validates :title :presence => 'true'
                  ^):
  app/models/product.rb:2: syntax error, unexpected ':', expecting keyword_end
  app/controllers/products_controller.rb:17:in `new'


  Rendered /usr/local/lib/ruby/gems/2.1.0/gems/actionpack-4.1.6/lib/action_dispatch/middleware/templates/rescues/_source.erb (0.6ms)
  Rendered /usr/local/lib/ruby/gems/2.1.0/gems/actionpack-4.1.6/lib/action_dispatch/middleware/templates/rescues/_trace.html.erb (1.3ms)
  Rendered /usr/local/lib/ruby/gems/2.1.0/gems/actionpack-4.1.6/lib/action_dispatch/middleware/templates/rescues/_request_and_response.html.erb (1.0ms)
  Rendered /usr/local/lib/ruby/gems/2.1.0/gems/actionpack-4.1.6/lib/action_dispatch/middleware/templates/rescues/diagnostics.erb within rescues/layout (12.0ms)


Started GET "/products/new" for 127.0.0.1 at 2015-05-19 22:59:48 +0530
Processing by ProductsController#new as HTML
Completed 500 Internal Server Error in 1ms

SyntaxError (/home/likewise-open/ASPIRESYS/vignesh.sundaram/Desktop/blog/app/models/product.rb:2: syntax error, unexpected ':', expecting keyword_end
validates :title :presence => 'true'
                  ^):
  app/models/product.rb:2: syntax error, unexpected ':', expecting keyword_end
  app/controllers/products_controller.rb:17:in `new'


  Rendered /usr/local/lib/ruby/gems/2.1.0/gems/actionpack-4.1.6/lib/action_dispatch/middleware/templates/rescues/_source.erb (0.7ms)
  Rendered /usr/local/lib/ruby/gems/2.1.0/gems/actionpack-4.1.6/lib/action_dispatch/middleware/templates/rescues/_trace.html.erb (1.6ms)
  Rendered /usr/local/lib/ruby/gems/2.1.0/gems/actionpack-4.1.6/lib/action_dispatch/middleware/templates/rescues/_request_and_response.html.erb (1.2ms)
  Rendered /usr/local/lib/ruby/gems/2.1.0/gems/actionpack-4.1.6/lib/action_dispatch/middleware/templates/rescues/diagnostics.erb within rescues/layout (13.4ms)


Started GET "/products/new" for 127.0.0.1 at 2015-05-19 23:01:54 +0530
Processing by ProductsController#new as HTML
Completed 500 Internal Server Error in 1ms

SyntaxError (/home/likewise-open/ASPIRESYS/vignesh.sundaram/Desktop/blog/app/models/product.rb:2: syntax error, unexpected ':', expecting keyword_end
validates :title :presence => 'true'
                  ^):
  app/models/product.rb:2: syntax error, unexpected ':', expecting keyword_end
  app/controllers/products_controller.rb:17:in `new'


  Rendered /usr/local/lib/ruby/gems/2.1.0/gems/actionpack-4.1.6/lib/action_dispatch/middleware/templates/rescues/_source.erb (0.7ms)
  Rendered /usr/local/lib/ruby/gems/2.1.0/gems/actionpack-4.1.6/lib/action_dispatch/middleware/templates/rescues/_trace.html.erb (1.4ms)
  Rendered /usr/local/lib/ruby/gems/2.1.0/gems/actionpack-4.1.6/lib/action_dispatch/middleware/templates/rescues/_request_and_response.html.erb (1.2ms)
  Rendered /usr/local/lib/ruby/gems/2.1.0/gems/actionpack-4.1.6/lib/action_dispatch/middleware/templates/rescues/diagnostics.erb within rescues/layout (14.7ms)


Started GET "/products/new" for 127.0.0.1 at 2015-05-19 23:02:03 +0530
Processing by ProductsController#new as HTML
Completed 500 Internal Server Error in 2ms

SyntaxError (/home/likewise-open/ASPIRESYS/vignesh.sundaram/Desktop/blog/app/models/product.rb:2: syntax error, unexpected ':', expecting keyword_end
validates :title :presence => 'true'
                  ^):
  app/models/product.rb:2: syntax error, unexpected ':', expecting keyword_end
  app/controllers/products_controller.rb:17:in `new'


  Rendered /usr/local/lib/ruby/gems/2.1.0/gems/actionpack-4.1.6/lib/action_dispatch/middleware/templates/rescues/_source.erb (0.8ms)
  Rendered /usr/local/lib/ruby/gems/2.1.0/gems/actionpack-4.1.6/lib/action_dispatch/middleware/templates/rescues/_trace.html.erb (1.6ms)
  Rendered /usr/local/lib/ruby/gems/2.1.0/gems/actionpack-4.1.6/lib/action_dispatch/middleware/templates/rescues/_request_and_response.html.erb (1.0ms)
  Rendered /usr/local/lib/ruby/gems/2.1.0/gems/actionpack-4.1.6/lib/action_dispatch/middleware/templates/rescues/diagnostics.erb within rescues/layout (14.4ms)


Started GET "/products/new" for 127.0.0.1 at 2015-05-19 23:02:30 +0530
Processing by ProductsController#new as HTML
  Rendered products/_form.html.erb (5.1ms)
  Rendered products/new.html.erb within layouts/application (6.3ms)
Completed 200 OK in 52ms (Views: 47.7ms | ActiveRecord: 0.5ms)


Started GET "/assets/products.css?body=1" for 127.0.0.1 at 2015-05-19 23:02:30 +0530


Started GET "/assets/scaffolds.css?body=1" for 127.0.0.1 at 2015-05-19 23:02:30 +0530


Started GET "/assets/application.css?body=1" for 127.0.0.1 at 2015-05-19 23:02:30 +0530


Started GET "/assets/jquery.js?body=1" for 127.0.0.1 at 2015-05-19 23:02:30 +0530


Started GET "/assets/jquery_ujs.js?body=1" for 127.0.0.1 at 2015-05-19 23:02:30 +0530


Started GET "/assets/products.js?body=1" for 127.0.0.1 at 2015-05-19 23:02:30 +0530


Started GET "/assets/application.js?body=1" for 127.0.0.1 at 2015-05-19 23:02:30 +0530


Started GET "/assets/turbolinks.js?body=1" for 127.0.0.1 at 2015-05-19 23:02:30 +0530


Started POST "/products" for 127.0.0.1 at 2015-05-19 23:02:34 +0530
Processing by ProductsController#create as HTML
  Parameters: {"utf8"=>"✓", "authenticity_token"=>"u+0Kx3R0yBggJ1oV++X0aIE+BE+4Lf/7Xoj1aAULJxM=", "product"=>{"title"=>"1", "description"=>"1"}, "commit"=>"Create Product"}
  [1m[36m (0.1ms)[0m  [1mbegin transaction[0m
  [1m[35m (0.1ms)[0m  rollback transaction
  Rendered products/_form.html.erb (3.1ms)
  Rendered products/new.html.erb within layouts/application (4.4ms)
Completed 200 OK in 62ms (Views: 59.0ms | ActiveRecord: 0.2ms)


Started GET "/assets/products.css?body=1" for 127.0.0.1 at 2015-05-19 23:02:34 +0530


Started GET "/assets/scaffolds.css?body=1" for 127.0.0.1 at 2015-05-19 23:02:34 +0530


Started GET "/assets/application.css?body=1" for 127.0.0.1 at 2015-05-19 23:02:34 +0530


Started GET "/assets/jquery.js?body=1" for 127.0.0.1 at 2015-05-19 23:02:34 +0530


Started GET "/assets/jquery_ujs.js?body=1" for 127.0.0.1 at 2015-05-19 23:02:34 +0530


Started GET "/assets/products.js?body=1" for 127.0.0.1 at 2015-05-19 23:02:34 +0530


Started GET "/assets/application.js?body=1" for 127.0.0.1 at 2015-05-19 23:02:34 +0530


Started GET "/assets/turbolinks.js?body=1" for 127.0.0.1 at 2015-05-19 23:02:34 +0530


Started GET "/products/new" for 127.0.0.1 at 2015-05-19 23:03:01 +0530
Processing by ProductsController#new as HTML
  Rendered products/_form.html.erb (5.2ms)
  Rendered products/new.html.erb within layouts/application (6.1ms)
Completed 200 OK in 60ms (Views: 55.7ms | ActiveRecord: 0.7ms)


Started GET "/assets/products.css?body=1" for 127.0.0.1 at 2015-05-19 23:03:01 +0530


Started GET "/assets/scaffolds.css?body=1" for 127.0.0.1 at 2015-05-19 23:03:01 +0530


Started GET "/assets/application.css?body=1" for 127.0.0.1 at 2015-05-19 23:03:01 +0530


Started GET "/assets/jquery.js?body=1" for 127.0.0.1 at 2015-05-19 23:03:01 +0530


Started GET "/assets/jquery_ujs.js?body=1" for 127.0.0.1 at 2015-05-19 23:03:01 +0530


Started GET "/assets/application.js?body=1" for 127.0.0.1 at 2015-05-19 23:03:01 +0530


Started GET "/assets/turbolinks.js?body=1" for 127.0.0.1 at 2015-05-19 23:03:01 +0530


Started GET "/assets/products.js?body=1" for 127.0.0.1 at 2015-05-19 23:03:01 +0530


Started POST "/products" for 127.0.0.1 at 2015-05-19 23:03:03 +0530
Processing by ProductsController#create as HTML
  Parameters: {"utf8"=>"✓", "authenticity_token"=>"u+0Kx3R0yBggJ1oV++X0aIE+BE+4Lf/7Xoj1aAULJxM=", "product"=>{"title"=>"", "description"=>""}, "commit"=>"Create Product"}
  [1m[36m (0.1ms)[0m  [1mbegin transaction[0m
  [1m[35m (0.1ms)[0m  rollback transaction
  Rendered products/_form.html.erb (2.3ms)
  Rendered products/new.html.erb within layouts/application (3.0ms)
Completed 200 OK in 52ms (Views: 49.4ms | ActiveRecord: 0.2ms)


Started GET "/assets/products.css?body=1" for 127.0.0.1 at 2015-05-19 23:03:03 +0530


Started GET "/assets/scaffolds.css?body=1" for 127.0.0.1 at 2015-05-19 23:03:03 +0530


Started GET "/assets/turbolinks.js?body=1" for 127.0.0.1 at 2015-05-19 23:03:03 +0530


Started GET "/assets/jquery_ujs.js?body=1" for 127.0.0.1 at 2015-05-19 23:03:03 +0530


Started GET "/assets/jquery.js?body=1" for 127.0.0.1 at 2015-05-19 23:03:03 +0530


Started GET "/assets/application.css?body=1" for 127.0.0.1 at 2015-05-19 23:03:03 +0530


Started GET "/assets/application.js?body=1" for 127.0.0.1 at 2015-05-19 23:03:03 +0530


Started GET "/assets/products.js?body=1" for 127.0.0.1 at 2015-05-19 23:03:03 +0530


Started POST "/products" for 127.0.0.1 at 2015-05-19 23:08:26 +0530
Processing by ProductsController#create as HTML
  Parameters: {"utf8"=>"✓", "authenticity_token"=>"u+0Kx3R0yBggJ1oV++X0aIE+BE+4Lf/7Xoj1aAULJxM=", "product"=>{"title"=>"1212", "description"=>"2121"}, "commit"=>"Create Product"}
  [1m[36m (0.1ms)[0m  [1mbegin transaction[0m
  [1m[35mSQL (0.3ms)[0m  INSERT INTO "products" ("created_at", "description", "title", "updated_at") VALUES (?, ?, ?, ?)  [["created_at", "2015-05-19 17:38:26.631892"], ["description", "2121"], ["title", "1212"], ["updated_at", "2015-05-19 17:38:26.631892"]]
  [1m[36m (104.7ms)[0m  [1mcommit transaction[0m
Redirected to http://localhost:3000/products/3
Completed 302 Found in 109ms (ActiveRecord: 105.1ms)


Started GET "/products/3" for 127.0.0.1 at 2015-05-19 23:08:26 +0530
Processing by ProductsController#show as HTML
  Parameters: {"id"=>"3"}
  [1m[35mProduct Load (0.2ms)[0m  SELECT  "products".* FROM "products"  WHERE "products"."id" = ? LIMIT 1  [["id", 3]]
  Rendered products/show.html.erb within layouts/application (0.4ms)
Completed 200 OK in 51ms (Views: 49.7ms | ActiveRecord: 0.2ms)


Started GET "/assets/products.css?body=1" for 127.0.0.1 at 2015-05-19 23:08:26 +0530


Started GET "/assets/scaffolds.css?body=1" for 127.0.0.1 at 2015-05-19 23:08:26 +0530


Started GET "/assets/jquery.js?body=1" for 127.0.0.1 at 2015-05-19 23:08:26 +0530


Started GET "/assets/turbolinks.js?body=1" for 127.0.0.1 at 2015-05-19 23:08:26 +0530


Started GET "/assets/application.css?body=1" for 127.0.0.1 at 2015-05-19 23:08:26 +0530


Started GET "/assets/jquery_ujs.js?body=1" for 127.0.0.1 at 2015-05-19 23:08:26 +0530


Started GET "/assets/application.js?body=1" for 127.0.0.1 at 2015-05-19 23:08:26 +0530


Started GET "/assets/products.js?body=1" for 127.0.0.1 at 2015-05-19 23:08:26 +0530


Started GET "/products" for 127.0.0.1 at 2015-05-19 23:08:29 +0530
Processing by ProductsController#index as HTML
  [1m[36mProduct Load (0.2ms)[0m  [1mSELECT "products".* FROM "products"[0m
  Rendered products/index.html.erb within layouts/application (1.7ms)
Completed 200 OK in 44ms (Views: 42.7ms | ActiveRecord: 0.2ms)


Started GET "/" for 127.0.0.1 at 2015-05-19 23:22:32 +0530
Processing by ProductsController#index as HTML
  [1m[35mProduct Load (0.2ms)[0m  SELECT "products".* FROM "products"
  Rendered products/index.html.erb within layouts/application (2.2ms)
Completed 200 OK in 53ms (Views: 51.9ms | ActiveRecord: 0.2ms)


Started GET "/assets/products.css?body=1" for 127.0.0.1 at 2015-05-19 23:22:32 +0530


Started GET "/assets/application.css?body=1" for 127.0.0.1 at 2015-05-19 23:22:32 +0530


Started GET "/assets/scaffolds.css?body=1" for 127.0.0.1 at 2015-05-19 23:22:32 +0530


Started GET "/assets/jquery.js?body=1" for 127.0.0.1 at 2015-05-19 23:22:32 +0530


Started GET "/assets/jquery_ujs.js?body=1" for 127.0.0.1 at 2015-05-19 23:22:32 +0530


Started GET "/assets/application.js?body=1" for 127.0.0.1 at 2015-05-19 23:22:32 +0530


Started GET "/assets/turbolinks.js?body=1" for 127.0.0.1 at 2015-05-19 23:22:32 +0530


Started GET "/assets/products.js?body=1" for 127.0.0.1 at 2015-05-19 23:22:32 +0530


Started GET "/products/new" for 127.0.0.1 at 2015-05-19 23:22:48 +0530
Processing by ProductsController#new as HTML
  Rendered products/_form.html.erb (1.9ms)
  Rendered products/new.html.erb within layouts/application (2.8ms)
Completed 200 OK in 60ms (Views: 59.3ms | ActiveRecord: 0.0ms)


Started GET "/assets/products.css?body=1" for 127.0.0.1 at 2015-05-19 23:22:48 +0530


Started GET "/assets/scaffolds.css?body=1" for 127.0.0.1 at 2015-05-19 23:22:48 +0530


Started GET "/assets/application.css?body=1" for 127.0.0.1 at 2015-05-19 23:22:48 +0530


Started GET "/assets/jquery.js?body=1" for 127.0.0.1 at 2015-05-19 23:22:48 +0530


Started GET "/assets/turbolinks.js?body=1" for 127.0.0.1 at 2015-05-19 23:22:48 +0530


Started GET "/assets/application.js?body=1" for 127.0.0.1 at 2015-05-19 23:22:48 +0530


Started GET "/assets/jquery_ujs.js?body=1" for 127.0.0.1 at 2015-05-19 23:22:48 +0530


Started GET "/assets/products.js?body=1" for 127.0.0.1 at 2015-05-19 23:22:48 +0530


Started GET "/products/new" for 127.0.0.1 at 2015-05-19 23:37:16 +0530
Processing by ProductsController#new as HTML
  Rendered products/_form.html.erb (4.6ms)
  Rendered products/new.html.erb within layouts/application (5.4ms)
Completed 200 OK in 51ms (Views: 48.0ms | ActiveRecord: 0.4ms)


Started GET "/assets/products.css?body=1" for 127.0.0.1 at 2015-05-19 23:37:16 +0530


Started GET "/assets/scaffolds.css?body=1" for 127.0.0.1 at 2015-05-19 23:37:16 +0530


Started GET "/assets/application.css?body=1" for 127.0.0.1 at 2015-05-19 23:37:16 +0530


Started GET "/assets/jquery.js?body=1" for 127.0.0.1 at 2015-05-19 23:37:16 +0530


Started GET "/assets/turbolinks.js?body=1" for 127.0.0.1 at 2015-05-19 23:37:16 +0530


Started GET "/assets/products.js?body=1" for 127.0.0.1 at 2015-05-19 23:37:16 +0530


Started GET "/assets/application.js?body=1" for 127.0.0.1 at 2015-05-19 23:37:16 +0530


Started GET "/assets/jquery_ujs.js?body=1" for 127.0.0.1 at 2015-05-19 23:37:16 +0530


Started POST "/products" for 127.0.0.1 at 2015-05-19 23:37:18 +0530
Processing by ProductsController#create as HTML
  Parameters: {"utf8"=>"✓", "authenticity_token"=>"u+0Kx3R0yBggJ1oV++X0aIE+BE+4Lf/7Xoj1aAULJxM=", "product"=>{"title"=>"", "description"=>""}, "commit"=>"Create Product"}
  [1m[36m (0.1ms)[0m  [1mbegin transaction[0m
  [1m[35m (0.1ms)[0m  rollback transaction
  Rendered products/_form.html.erb (4.9ms)
  Rendered products/new.html.erb within layouts/application (5.9ms)
Completed 200 OK in 51ms (Views: 47.2ms | ActiveRecord: 0.2ms)


Started GET "/assets/products.css?body=1" for 127.0.0.1 at 2015-05-19 23:37:18 +0530


Started GET "/assets/scaffolds.css?body=1" for 127.0.0.1 at 2015-05-19 23:37:18 +0530


Started GET "/assets/application.css?body=1" for 127.0.0.1 at 2015-05-19 23:37:18 +0530


Started GET "/assets/turbolinks.js?body=1" for 127.0.0.1 at 2015-05-19 23:37:18 +0530


Started GET "/assets/jquery_ujs.js?body=1" for 127.0.0.1 at 2015-05-19 23:37:18 +0530


Started GET "/assets/application.js?body=1" for 127.0.0.1 at 2015-05-19 23:37:18 +0530


Started GET "/assets/jquery.js?body=1" for 127.0.0.1 at 2015-05-19 23:37:18 +0530


Started GET "/assets/products.js?body=1" for 127.0.0.1 at 2015-05-19 23:37:18 +0530


Started GET "/" for 192.168.5.100 at 2015-05-20 12:17:26 +0530
  [1m[36mActiveRecord::SchemaMigration Load (0.1ms)[0m  [1mSELECT "schema_migrations".* FROM "schema_migrations"[0m
Processing by ProductsController#index as HTML
  [1m[35mProduct Load (0.2ms)[0m  SELECT "products".* FROM "products"
  Rendered products/index.html.erb within layouts/application (10.3ms)
Completed 200 OK in 184ms (Views: 153.6ms | ActiveRecord: 0.4ms)


Started GET "/assets/scaffolds.css?body=1" for 192.168.5.100 at 2015-05-20 12:17:26 +0530


Started GET "/assets/products.css?body=1" for 192.168.5.100 at 2015-05-20 12:17:26 +0530


Started GET "/assets/application.css?body=1" for 192.168.5.100 at 2015-05-20 12:17:26 +0530


Started GET "/assets/products.js?body=1" for 192.168.5.100 at 2015-05-20 12:17:26 +0530


Started GET "/assets/jquery_ujs.js?body=1" for 192.168.5.100 at 2015-05-20 12:17:26 +0530


Started GET "/assets/turbolinks.js?body=1" for 192.168.5.100 at 2015-05-20 12:17:26 +0530


Started GET "/assets/jquery.js?body=1" for 192.168.5.100 at 2015-05-20 12:17:26 +0530


Started GET "/assets/application.js?body=1" for 192.168.5.100 at 2015-05-20 12:17:26 +0530


Started GET "/" for 192.168.5.100 at 2015-05-20 12:19:31 +0530
Processing by ProductsController#index as HTML
  [1m[36mProduct Load (0.2ms)[0m  [1mSELECT "products".* FROM "products"[0m
  Rendered products/index.html.erb within layouts/application (3.0ms)
Completed 200 OK in 49ms (Views: 47.7ms | ActiveRecord: 0.2ms)


Started GET "/" for 192.168.5.100 at 2015-05-20 12:19:36 +0530
Processing by ProductsController#index as HTML
  [1m[35mProduct Load (0.2ms)[0m  SELECT "products".* FROM "products"
  Rendered products/index.html.erb within layouts/application (2.0ms)
Completed 200 OK in 58ms (Views: 56.8ms | ActiveRecord: 0.2ms)


Started GET "/properties/info" for 192.168.5.100 at 2015-05-20 12:19:50 +0530

ActionController::RoutingError (No route matches [GET] "/properties/info"):
  actionpack (4.1.6) lib/action_dispatch/middleware/debug_exceptions.rb:21:in `call'
  actionpack (4.1.6) lib/action_dispatch/middleware/show_exceptions.rb:30:in `call'
  railties (4.1.6) lib/rails/rack/logger.rb:38:in `call_app'
  railties (4.1.6) lib/rails/rack/logger.rb:20:in `block in call'
  activesupport (4.1.6) lib/active_support/tagged_logging.rb:68:in `block in tagged'
  activesupport (4.1.6) lib/active_support/tagged_logging.rb:26:in `tagged'
  activesupport (4.1.6) lib/active_support/tagged_logging.rb:68:in `tagged'
  railties (4.1.6) lib/rails/rack/logger.rb:20:in `call'
  actionpack (4.1.6) lib/action_dispatch/middleware/request_id.rb:21:in `call'
  rack (1.5.3) lib/rack/methodoverride.rb:21:in `call'
  rack (1.5.3) lib/rack/runtime.rb:17:in `call'
  activesupport (4.1.6) lib/active_support/cache/strategy/local_cache_middleware.rb:26:in `call'
  rack (1.5.3) lib/rack/lock.rb:17:in `call'
  actionpack (4.1.6) lib/action_dispatch/middleware/static.rb:64:in `call'
  rack (1.5.3) lib/rack/sendfile.rb:112:in `call'
  railties (4.1.6) lib/rails/engine.rb:514:in `call'
  railties (4.1.6) lib/rails/application.rb:144:in `call'
  rack (1.5.3) lib/rack/lock.rb:17:in `call'
  rack (1.5.3) lib/rack/content_length.rb:14:in `call'
  rack (1.5.3) lib/rack/handler/webrick.rb:60:in `service'
  /usr/local/lib/ruby/2.1.0/webrick/httpserver.rb:138:in `service'
  /usr/local/lib/ruby/2.1.0/webrick/httpserver.rb:94:in `run'
  /usr/local/lib/ruby/2.1.0/webrick/server.rb:295:in `block in start_thread'


  Rendered /usr/local/lib/ruby/gems/2.1.0/gems/actionpack-4.1.6/lib/action_dispatch/middleware/templates/rescues/_trace.html.erb (1.2ms)
  Rendered /usr/local/lib/ruby/gems/2.1.0/gems/actionpack-4.1.6/lib/action_dispatch/middleware/templates/routes/_route.html.erb (1.5ms)
  Rendered /usr/local/lib/ruby/gems/2.1.0/gems/actionpack-4.1.6/lib/action_dispatch/middleware/templates/routes/_table.html.erb (16.0ms)
  Rendered /usr/local/lib/ruby/gems/2.1.0/gems/actionpack-4.1.6/lib/action_dispatch/middleware/templates/rescues/routing_error.html.erb within rescues/layout (46.4ms)


Started GET "/products" for 192.168.5.100 at 2015-05-20 12:23:22 +0530
Processing by ProductsController#index as HTML
  [1m[36mProduct Load (0.2ms)[0m  [1mSELECT "products".* FROM "products"[0m
  Rendered products/index.html.erb within layouts/application (2.6ms)
Completed 200 OK in 45ms (Views: 44.0ms | ActiveRecord: 0.2ms)


Started GET "/products/new" for 192.168.5.100 at 2015-05-20 12:23:31 +0530
Processing by ProductsController#new as HTML
  Rendered products/_form.html.erb (55.7ms)
  Rendered products/new.html.erb within layouts/application (57.9ms)
Completed 200 OK in 134ms (Views: 133.4ms | ActiveRecord: 0.0ms)


Started GET "/products/1" for 192.168.5.100 at 2015-05-20 12:23:57 +0530
Processing by ProductsController#show as HTML
  Parameters: {"id"=>"1"}
  [1m[35mProduct Load (0.3ms)[0m  SELECT  "products".* FROM "products"  WHERE "products"."id" = ? LIMIT 1  [["id", 1]]
  Rendered products/show.html.erb within layouts/application (1.3ms)
Completed 200 OK in 53ms (Views: 50.0ms | ActiveRecord: 0.3ms)


Started GET "/products/1.json" for 192.168.5.100 at 2015-05-20 12:24:05 +0530
Processing by ProductsController#show as JSON
  Parameters: {"id"=>"1"}
  [1m[36mProduct Load (0.2ms)[0m  [1mSELECT  "products".* FROM "products"  WHERE "products"."id" = ? LIMIT 1[0m  [["id", 1]]
  Rendered products/show.json.jbuilder (28.9ms)
Completed 200 OK in 34ms (Views: 32.0ms | ActiveRecord: 0.2ms)
  [1m[36mActiveRecord::SchemaMigration Load (0.1ms)[0m  [1mSELECT "schema_migrations".* FROM "schema_migrations"[0m
  [1m[35mActiveRecord::SchemaMigration Load (0.1ms)[0m  SELECT "schema_migrations".* FROM "schema_migrations"


Started GET "/" for 127.0.0.1 at 2016-05-24 16:25:44 +0530
  [1m[36mActiveRecord::SchemaMigration Load (0.1ms)[0m  [1mSELECT "schema_migrations".* FROM "schema_migrations"[0m
Processing by ProductsController#index as HTML
  [1m[35mProduct Load (0.2ms)[0m  SELECT "products".* FROM "products"
  Rendered products/index.html.erb within layouts/application (8.7ms)
Completed 200 OK in 1119ms (Views: 1038.8ms | ActiveRecord: 0.4ms)


Started GET "/assets/scaffolds.css?body=1" for 127.0.0.1 at 2016-05-24 16:25:45 +0530


Started GET "/assets/products.css?body=1" for 127.0.0.1 at 2016-05-24 16:25:45 +0530


Started GET "/assets/application.css?body=1" for 127.0.0.1 at 2016-05-24 16:25:45 +0530


Started GET "/assets/jquery.js?body=1" for 127.0.0.1 at 2016-05-24 16:25:45 +0530


Started GET "/assets/jquery_ujs.js?body=1" for 127.0.0.1 at 2016-05-24 16:25:45 +0530


Started GET "/assets/turbolinks.js?body=1" for 127.0.0.1 at 2016-05-24 16:25:45 +0530


Started GET "/assets/application.js?body=1" for 127.0.0.1 at 2016-05-24 16:25:45 +0530


Started GET "/assets/products.js?body=1" for 127.0.0.1 at 2016-05-24 16:25:45 +0530
